#
# There is insufficient memory for the Java Runtime Environment to continue.
# Native memory allocation (mmap) failed to map 264241152 bytes. Error detail: G1 virtual space
# Possible reasons:
#   The system is out of physical RAM or swap space
#   This process is running with CompressedOops enabled, and the Java Heap may be blocking the growth of the native heap
# Possible solutions:
#   Reduce memory load on the system
#   Increase physical memory or swap space
#   Check if swap backing store is full
#   Decrease Java heap size (-Xmx/-Xms)
#   Decrease number of Java threads
#   Decrease Java thread stack sizes (-Xss)
#   Set larger code cache with -XX:ReservedCodeCacheSize=
#   JVM is running with Zero Based Compressed Oops mode in which the Java heap is
#     placed in the first 32GB address space. The Java Heap base address is the
#     maximum limit for the native heap growth. Please use -XX:HeapBaseMinAddress
#     to set the Java Heap base and to place the Java Heap above 32GB virtual address.
# This output file may be truncated or incomplete.
#
#  Out of Memory Error (os_windows.cpp:3631), pid=17032, tid=18264
#
# JRE version:  (22.0.1+8) (build )
# Java VM: OpenJDK 64-Bit Server VM (22.0.1+8-16, mixed mode, sharing, tiered, compressed oops, compressed class ptrs, g1 gc, windows-amd64)
# No core dump will be written. Minidumps are not enabled by default on client versions of Windows
#

---------------  S U M M A R Y ------------

Command Line: -Dmaven.multiModuleProjectDirectory=C:\Users\MP40\Desktop\Nouveau dossier\GestionNotesEtudiant -Djansi.passthrough=true -Dmaven.home=C:\Users\MP40\.m2\wrapper\dists\apache-maven-3.9.6-bin\439sdfsg2nbdob9ciift5h5nse\apache-maven-3.9.6 -Dclassworlds.conf=C:\Users\MP40\.m2\wrapper\dists\apache-maven-3.9.6-bin\439sdfsg2nbdob9ciift5h5nse\apache-maven-3.9.6\bin\m2.conf -Dmaven.ext.class.path=C:\Program Files\JetBrains\IntelliJ IDEA 2024.1\plugins\maven\lib\maven-event-listener.jar -javaagent:C:\Program Files\JetBrains\IntelliJ IDEA 2024.1\lib\idea_rt.jar=50804:C:\Program Files\JetBrains\IntelliJ IDEA 2024.1\bin -Dfile.encoding=UTF-8 -Dsun.stdout.encoding=UTF-8 -Dsun.stderr.encoding=UTF-8 org.codehaus.classworlds.Launcher -Didea.version=2024.1 clean

Host: 12th Gen Intel(R) Core(TM) i7-12650H, 16 cores, 15G,  Windows 11 , 64 bit Build 22621 (10.0.22621.3527)
Time: Sun May 12 12:54:32 2024 Maroc (heure d64 bit Build 22621 (10.0.22621.3527) elapsed time: 0.007181 seconds (0d 0h 0m 0s)

---------------  T H R E A D  ---------------

Current thread (0x0000029e283dff80):  JavaThread "Unknown thread" [_thread_in_vm, id=18264, stack(0x000000ae16500000,0x000000ae16600000) (1024K)]

Stack: [0x000000ae16500000,0x000000ae16600000]
Native frames: (J=compiled Java code, j=interpreted, Vv=VM code, C=native code)
V  [jvm.dll+0x6e2279]  (no source info available)
V  [jvm.dll+0x874e33]  (no source info available)
V  [jvm.dll+0x87725e]  (no source info available)
V  [jvm.dll+0x877933]  (no source info available)
V  [jvm.dll+0x27fd76]  (no source info available)
V  [jvm.dll+0x6de915]  (no source info available)
V  [jvm.dll+0x6d341a]  (no source info available)
V  [jvm.dll+0x3589da]  (no source info available)
V  [jvm.dll+0x360f06]  (no source info available)
V  [jvm.dll+0x3b3e2e]  (no source info available)
V  [jvm.dll+0x3b40d8]  (no source info available)
V  [jvm.dll+0x32c59c]  (no source info available)
V  [jvm.dll+0x32d158]  (no source info available)
V  [jvm.dll+0x83ccdc]  (no source info available)
V  [jvm.dll+0x3c0d71]  (no source info available)
V  [jvm.dll+0x825ccc]  (no source info available)
V  [jvm.dll+0x45b8fe]  (no source info available)
V  [jvm.dll+0x45d781]  (no source info available)
C  [jli.dll+0x52a3]  (no source info available)
C  [ucrtbase.dll+0x29333]  (no source info available)
C  [KERNEL32.DLL+0x1257d]  (no source info available)
C  [ntdll.dll+0x5aa48]  (no source info available)


---------------  P R O C E S S  ---------------

Threads class SMR info:
_java_thread_list=0x00007ffa9659b1c8, length=0, elements={
}

Java Threads: ( => current thread )
Total: 0

Other Threads:
  0x0000029e262ebef0 WorkerThread "GC Thread#0"                     [id=3872, stack(0x000000ae16600000,0x000000ae16700000) (1024K)]
  0x0000029e28455b30 ConcurrentGCThread "G1 Main Marker"            [id=3628, stack(0x000000ae16700000,0x000000ae16800000) (1024K)]
  0x0000029e262ed780 WorkerThread "G1 Conc#0"                       [id=11740, stack(0x000000ae16800000,0x000000ae16900000) (1024K)]

[error occurred during error reporting (printing all threads), id 0xc0000005, EXCEPTION_ACCESS_VIOLATION (0xc0000005) at pc=0x00007ffa95cef367]
VM state: not at safepoint (not fully initialized)

VM Mutex/Monitor currently owned by a thread:  ([mutex/lock_event])
[0x00007ffa9661bcb8] Heap_lock - owner thread: 0x0000029e283dff80

Heap address: 0x0000000705e00000, size: 4002 MB, Compressed Oops mode: Zero based, Oop shift amount: 3

CDS archive(s) mapped at: [0x0000000000000000-0x0000000000000000-0x0000000000000000), size 0, SharedBaseAddress: 0x0000000800000000, ArchiveRelocationMode: 1.
Narrow klass base: 0x0000000000000000, Narrow klass shift: 0, Narrow klass range: 0x0

GC Precious Log:
 CardTable entry size: 512
 Card Set container configuration: InlinePtr #cards 4 size 8 Array Of Cards #cards 16 size 48 Howl #buckets 8 coarsen threshold 3686 Howl Bitmap #cards 512 size 80 coarsen threshold 460 Card regions per heap region 1 cards per card region 4096

Heap:
 garbage-first heap   total reserved 4098048K, committed 0K, used 0K [0x0000000705e00000, 0x0000000800000000)
  region size 2048K, 0 young (0K), 0 survivors (0K)

[error occurred during error reporting (printing heap information), id 0xc0000005, EXCEPTION_ACCESS_VIOLATION (0xc0000005) at pc=0x00007ffa960ee429]
GC Heap History (0 events):
No events

Dll operation events (1 events):
Event: 0.005 Loaded shared library C:\Users\MP40\.jdks\openjdk-22.0.1\bin\java.dll

Deoptimization events (0 events):
No events

Classes loaded (0 events):
No events

Classes unloaded (0 events):
No events

Classes redefined (0 events):
No events

Internal exceptions (0 events):
No events

ZGC Phase Switch (0 events):
No events

VM Operations (0 events):
No events

Events (0 events):
No events


Dynamic libraries:
0x00007ff711a70000 - 0x00007ff711a7e000 	C:\Users\MP40\.jdks\openjdk-22.0.1\bin\java.exe
0x00007ffae91b0000 - 0x00007ffae93c7000 	C:\Windows\SYSTEM32\ntdll.dll
0x00007ffae8480000 - 0x00007ffae8544000 	C:\Windows\System32\KERNEL32.DLL
0x00007ffae6800000 - 0x00007ffae6ba7000 	C:\Windows\System32\KERNELBASE.dll
0x00007ffae65f0000 - 0x00007ffae6701000 	C:\Windows\System32\ucrtbase.dll
0x00007ffae14f0000 - 0x00007ffae1507000 	C:\Users\MP40\.jdks\openjdk-22.0.1\bin\jli.dll
0x00007ffae8db0000 - 0x00007ffae8f5e000 	C:\Windows\System32\USER32.dll
0x00007ffae6590000 - 0x00007ffae65b6000 	C:\Windows\System32\win32u.dll
0x00007ffae7050000 - 0x00007ffae7079000 	C:\Windows\System32\GDI32.dll
0x00007ffae15e0000 - 0x00007ffae15fb000 	C:\Users\MP40\.jdks\openjdk-22.0.1\bin\VCRUNTIME140.dll
0x00007ffaca690000 - 0x00007ffaca923000 	C:\Windows\WinSxS\amd64_microsoft.windows.common-controls_6595b64144ccf1df_6.0.22621.3527_none_270e469b73872a76\COMCTL32.dll
0x00007ffae6c50000 - 0x00007ffae6d69000 	C:\Windows\System32\gdi32full.dll
0x00007ffae7080000 - 0x00007ffae7127000 	C:\Windows\System32\msvcrt.dll
0x00007ffae6bb0000 - 0x00007ffae6c4a000 	C:\Windows\System32\msvcp_win.dll
0x00007ffae8910000 - 0x00007ffae8941000 	C:\Windows\System32\IMM32.DLL
0x00007ffae14a0000 - 0x00007ffae14ac000 	C:\Users\MP40\.jdks\openjdk-22.0.1\bin\vcruntime140_1.dll
0x00007ffaddc90000 - 0x00007ffaddd1e000 	C:\Users\MP40\.jdks\openjdk-22.0.1\bin\msvcp140.dll
0x00007ffa959b0000 - 0x00007ffa966f7000 	C:\Users\MP40\.jdks\openjdk-22.0.1\bin\server\jvm.dll
0x00007ffae87d0000 - 0x00007ffae8882000 	C:\Windows\System32\ADVAPI32.dll
0x00007ffae8720000 - 0x00007ffae87c8000 	C:\Windows\System32\sechost.dll
0x00007ffae65c0000 - 0x00007ffae65e8000 	C:\Windows\System32\bcrypt.dll
0x00007ffae7de0000 - 0x00007ffae7ef5000 	C:\Windows\System32\RPCRT4.dll
0x00007ffae8890000 - 0x00007ffae8901000 	C:\Windows\System32\WS2_32.dll
0x00007ffae5310000 - 0x00007ffae535d000 	C:\Windows\SYSTEM32\POWRPROF.dll
0x00007ffade280000 - 0x00007ffade2b4000 	C:\Windows\SYSTEM32\WINMM.dll
0x00007ffadc950000 - 0x00007ffadc95a000 	C:\Windows\SYSTEM32\VERSION.dll
0x00007ffae52f0000 - 0x00007ffae5303000 	C:\Windows\SYSTEM32\UMPDC.dll
0x00007ffae55a0000 - 0x00007ffae55b8000 	C:\Windows\SYSTEM32\kernel.appcore.dll
0x00007ffae11a0000 - 0x00007ffae11aa000 	C:\Users\MP40\.jdks\openjdk-22.0.1\bin\jimage.dll
0x00007ffae3cc0000 - 0x00007ffae3ef3000 	C:\Windows\SYSTEM32\DBGHELP.DLL
0x00007ffae8960000 - 0x00007ffae8ce8000 	C:\Windows\System32\combase.dll
0x00007ffae9010000 - 0x00007ffae90e7000 	C:\Windows\System32\OLEAUT32.dll
0x00007ffadba30000 - 0x00007ffadba62000 	C:\Windows\SYSTEM32\dbgcore.DLL
0x00007ffae6780000 - 0x00007ffae67f9000 	C:\Windows\System32\bcryptPrimitives.dll
0x00007ffadeb40000 - 0x00007ffadeb4f000 	C:\Users\MP40\.jdks\openjdk-22.0.1\bin\instrument.dll
0x00007ffadf290000 - 0x00007ffadf2ae000 	C:\Users\MP40\.jdks\openjdk-22.0.1\bin\java.dll
0x00007ffae7460000 - 0x00007ffae7cbc000 	C:\Windows\System32\SHELL32.dll
0x00007ffae72b0000 - 0x00007ffae7455000 	C:\Windows\System32\ole32.dll

dbghelp: loaded successfully - version: 4.0.5 - missing functions: none
symbol engine: initialized successfully - sym options: 0x614 - pdb path: .;C:\Users\MP40\.jdks\openjdk-22.0.1\bin;C:\Windows\SYSTEM32;C:\Windows\WinSxS\amd64_microsoft.windows.common-controls_6595b64144ccf1df_6.0.22621.3527_none_270e469b73872a76;C:\Users\MP40\.jdks\openjdk-22.0.1\bin\server

VM Arguments:
jvm_args: -Dmaven.multiModuleProjectDirectory=C:\Users\MP40\Desktop\Nouveau dossier\GestionNotesEtudiant -Djansi.passthrough=true -Dmaven.home=C:\Users\MP40\.m2\wrapper\dists\apache-maven-3.9.6-bin\439sdfsg2nbdob9ciift5h5nse\apache-maven-3.9.6 -Dclassworlds.conf=C:\Users\MP40\.m2\wrapper\dists\apache-maven-3.9.6-bin\439sdfsg2nbdob9ciift5h5nse\apache-maven-3.9.6\bin\m2.conf -Dmaven.ext.class.path=C:\Program Files\JetBrains\IntelliJ IDEA 2024.1\plugins\maven\lib\maven-event-listener.jar -javaagent:C:\Program Files\JetBrains\IntelliJ IDEA 2024.1\lib\idea_rt.jar=50804:C:\Program Files\JetBrains\IntelliJ IDEA 2024.1\bin -Dfile.encoding=UTF-8 -Dsun.stdout.encoding=UTF-8 -Dsun.stderr.encoding=UTF-8 
java_command: org.codehaus.classworlds.Launcher -Didea.version=2024.1 clean
java_class_path (initial): C:\Users\MP40\.m2\wrapper\dists\apache-maven-3.9.6-bin\439sdfsg2nbdob9ciift5h5nse\apache-maven-3.9.6\boot\plexus-classworlds-2.7.0.jar;C:\Users\MP40\.m2\wrapper\dists\apache-maven-3.9.6-bin\439sdfsg2nbdob9ciift5h5nse\apache-maven-3.9.6\boot\plexus-classworlds.license
Launcher Type: SUN_STANDARD

[Global flags]
     intx CICompilerCount                          = 12                                        {product} {ergonomic}
     uint ConcGCThreads                            = 3                                         {product} {ergonomic}
     uint G1ConcRefinementThreads                  = 13                                        {product} {ergonomic}
   size_t G1HeapRegionSize                         = 2097152                                   {product} {ergonomic}
   size_t InitialHeapSize                          = 264241152                                 {product} {ergonomic}
   size_t MarkStackSize                            = 4194304                                   {product} {ergonomic}
   size_t MaxHeapSize                              = 4196401152                                {product} {ergonomic}
   size_t MinHeapDeltaBytes                        = 2097152                                   {product} {ergonomic}
   size_t MinHeapSize                              = 8388608                                   {product} {ergonomic}
    uintx NonNMethodCodeHeapSize                   = 7602480                                {pd product} {ergonomic}
    uintx NonProfiledCodeHeapSize                  = 122027880                              {pd product} {ergonomic}
    uintx ProfiledCodeHeapSize                     = 122027880                              {pd product} {ergonomic}
    uintx ReservedCodeCacheSize                    = 251658240                              {pd product} {ergonomic}
     bool SegmentedCodeCache                       = true                                      {product} {ergonomic}
   size_t SoftMaxHeapSize                          = 4196401152                             {manageable} {ergonomic}
     bool UseCompressedOops                        = true                           {product lp64_product} {ergonomic}
     bool UseG1GC                                  = true                                      {product} {ergonomic}
     bool UseLargePagesIndividualAllocation        = false                                  {pd product} {ergonomic}

Logging:
Log output configuration:
 #0: stdout all=warning uptime,level,tags foldmultilines=false
 #1: stderr all=off uptime,level,tags foldmultilines=false

Environment Variables:
PATH=C:\Program Files\Common Files\Oracle\Java\javapath;C:\Windows\system32;C:\Windows;C:\Windows\System32\Wbem;C:\Windows\System32\WindowsPowerShell\v1.0\;C:\Windows\System32\OpenSSH\;C:\Program Files (x86)\NVIDIA Corporation\PhysX\Common;C:\Program Files\NVIDIA Corporation\NVIDIA NvDLISR;C:\Program Files\Java\jdk-22\bin;C:\Program Files\Git\cmd;C:\Program Files\nodejs\;C:\Users\MP40\AppData\Local\Microsoft\WindowsApps;;C:\intelFPGA\20.1\modelsim_ase\win32aloem;C:\Program Files\JetBrains\IntelliJ IDEA 2024.1\bin;;C:\Users\MP40\AppData\Local\Programs\Microsoft VS Code\bin;C:\Users\MP40\AppData\Roaming\npm
USERNAME=MP40
OS=Windows_NT
PROCESSOR_IDENTIFIER=Intel64 Family 6 Model 154 Stepping 3, GenuineIntel
TMP=C:\Users\MP40\AppData\Local\Temp
TEMP=C:\Users\MP40\AppData\Local\Temp




Periodic native trim disabled

---------------  S Y S T E M  ---------------

OS:
 Windows 11 , 64 bit Build 22621 (10.0.22621.3527)
OS uptime: 0 days 1:37 hours
Hyper-V role detected

CPU: total 16 (initial active 16) (8 cores per cpu, 2 threads per core) family 6 model 154 stepping 3 microcode 0x429, cx8, cmov, fxsr, ht, mmx, 3dnowpref, sse, sse2, sse3, ssse3, sse4.1, sse4.2, popcnt, lzcnt, tsc, tscinvbit, avx, avx2, aes, erms, clmul, bmi1, bmi2, adx, sha, fma, vzeroupper, clflush, clflushopt, clwb, hv, serialize, rdtscp, rdpid, fsrm, f16c, cet_ibt, cet_ss
Processor Information for all 16 processors :
  Max Mhz: 2300, Current Mhz: 2300, Mhz Limit: 2300

Memory: 4k page, system-wide physical 16002M (5023M free)
TotalPageFile size 16002M (AvailPageFile size 237M)
current process WorkingSet (physical memory assigned to process): 12M, peak: 12M
current process commit charge ("private bytes"): 71M, peak: 323M

vm_info: OpenJDK 64-Bit Server VM (22.0.1+8-16) for windows-amd64 JRE (22.0.1+8-16), built on 2024-03-12T10:33:16Z by "mach5one" with MS VC++ 17.6 (VS2022)

END.
